2020-05-24 20:21:08.834 [main] INFO  com.alibaba.druid.pool.DruidDataSource - {dataSource-1} inited
2020-05-24 20:21:08.986 [main] INFO  o.s.b.t.context.SpringBootTestContextBootstrapper - Neither @ContextConfiguration nor @ContextHierarchy found for test class [com.zhou.wetalk.WetalkApplicationTests], using SpringBootContextLoader
2020-05-24 20:21:08.990 [main] INFO  o.s.test.context.support.AbstractContextLoader - Could not detect default resource locations for test class [com.zhou.wetalk.WetalkApplicationTests]: no resource found for suffixes {-context.xml, Context.groovy}.
2020-05-24 20:21:08.992 [main] INFO  o.s.t.c.support.AnnotationConfigContextLoaderUtils - Could not detect default configuration classes for test class [com.zhou.wetalk.WetalkApplicationTests]: WetalkApplicationTests does not declare any static, non-private, non-final, nested classes annotated with @Configuration.
2020-05-24 20:21:09.416 [main] INFO  o.s.b.t.context.SpringBootTestContextBootstrapper - Found @SpringBootConfiguration com.zhou.wetalk.WetalkApplication for test class com.zhou.wetalk.WetalkApplicationTests
2020-05-24 20:21:09.588 [main] INFO  o.s.b.t.context.SpringBootTestContextBootstrapper - Loaded default TestExecutionListener class names from location [META-INF/spring.factories]: [org.springframework.boot.test.mock.mockito.MockitoTestExecutionListener, org.springframework.boot.test.mock.mockito.ResetMocksTestExecutionListener, org.springframework.boot.test.autoconfigure.restdocs.RestDocsTestExecutionListener, org.springframework.boot.test.autoconfigure.web.client.MockRestServiceServerResetTestExecutionListener, org.springframework.boot.test.autoconfigure.web.servlet.MockMvcPrintOnlyOnFailureTestExecutionListener, org.springframework.boot.test.autoconfigure.web.servlet.WebDriverTestExecutionListener, org.springframework.test.context.web.ServletTestExecutionListener, org.springframework.test.context.support.DirtiesContextBeforeModesTestExecutionListener, org.springframework.test.context.support.DependencyInjectionTestExecutionListener, org.springframework.test.context.support.DirtiesContextTestExecutionListener, org.springframework.test.context.transaction.TransactionalTestExecutionListener, org.springframework.test.context.jdbc.SqlScriptsTestExecutionListener, org.springframework.test.context.event.EventPublishingTestExecutionListener]
2020-05-24 20:21:09.634 [main] INFO  o.s.b.t.context.SpringBootTestContextBootstrapper - Using TestExecutionListeners: [org.springframework.test.context.web.ServletTestExecutionListener@11f0a5a1, org.springframework.test.context.support.DirtiesContextBeforeModesTestExecutionListener@10f7f7de, org.springframework.boot.test.mock.mockito.MockitoTestExecutionListener@73a8da0f, org.springframework.boot.test.autoconfigure.SpringBootDependencyInjectionTestExecutionListener@50dfbc58, org.springframework.test.context.support.DirtiesContextTestExecutionListener@4416d64f, org.springframework.test.context.transaction.TransactionalTestExecutionListener@6bf08014, org.springframework.test.context.jdbc.SqlScriptsTestExecutionListener@5e3d57c7, org.springframework.test.context.event.EventPublishingTestExecutionListener@732d0d24, org.springframework.boot.test.mock.mockito.ResetMocksTestExecutionListener@1fb19a0, org.springframework.boot.test.autoconfigure.restdocs.RestDocsTestExecutionListener@6ee4d9ab, org.springframework.boot.test.autoconfigure.web.client.MockRestServiceServerResetTestExecutionListener@5a5338df, org.springframework.boot.test.autoconfigure.web.servlet.MockMvcPrintOnlyOnFailureTestExecutionListener@418c5a9c, org.springframework.boot.test.autoconfigure.web.servlet.WebDriverTestExecutionListener@18e36d14]
2020-05-24 20:21:10.697 [main] INFO  com.zhou.wetalk.WetalkApplicationTests - Starting WetalkApplicationTests on DESKTOP-8IBR7OQ with PID 3976 (started by zhouzzz in H:\java\wetalk)
2020-05-24 20:21:10.699 [main] INFO  com.zhou.wetalk.WetalkApplicationTests - No active profile set, falling back to default profiles: default
2020-05-24 20:21:18.434 [main] INFO  c.a.d.s.b.a.DruidDataSourceAutoConfigure - Init DruidDataSource
2020-05-24 20:21:18.704 [main] WARN  com.alibaba.druid.pool.DruidDataSource - removeAbandoned is true, not use in productiion.
2020-05-24 20:21:18.841 [main] INFO  com.alibaba.druid.pool.DruidDataSource - {dataSource-3} inited
2020-05-24 20:21:21.579 [main] INFO  o.s.scheduling.concurrent.ThreadPoolTaskExecutor - Initializing ExecutorService 'applicationTaskExecutor'
2020-05-24 20:21:25.811 [main] INFO  com.zhou.wetalk.WetalkApplicationTests - Started WetalkApplicationTests in 16.054 seconds (JVM running for 20.281)
2020-05-24 20:21:26.775 [main] INFO  com.zhou.wetalk.WetalkApplicationTests - 测试结果:状态码-500  结果信息-不能添加你自己...
2020-05-24 20:21:26.780 [main] INFO  com.zhou.wetalk.WetalkApplicationTests - 测试结果:状态码-500  结果信息-该用户不存在...
2020-05-24 20:21:26.781 [main] INFO  com.zhou.wetalk.WetalkApplicationTests - 测试结果:状态码-500  结果信息-参数错误:请求发送者和接受者Id不能为空
2020-05-24 20:21:26.781 [main] INFO  com.zhou.wetalk.WetalkApplicationTests - 测试结果:状态码-500  结果信息-参数错误:请求发送者和接受者Id不能为空
2020-05-24 20:21:26.814 [main] INFO  com.zhou.wetalk.WetalkApplicationTests - 测试结果:状态码-500  结果信息-该用户已经是你的好友...
2020-05-24 20:21:26.847 [main] INFO  com.zhou.wetalk.WetalkApplicationTests - 测试结果:状态码-500  结果信息-请求已发送，等待对方接受...
2020-05-24 20:21:26.863 [main] INFO  com.zhou.wetalk.WetalkApplicationTests - 测试结果:状态码-500  结果信息-请求已发送，等待对方接受...
2020-05-24 20:21:26.901 [SpringContextShutdownHook] INFO  o.s.scheduling.concurrent.ThreadPoolTaskExecutor - Shutting down ExecutorService 'applicationTaskExecutor'
2020-05-24 20:21:26.903 [SpringContextShutdownHook] INFO  o.s.jmx.export.annotation.AnnotationMBeanExporter - Could not unregister MBean [com.github.tobato.fastdfs.domain.conn:name=fdfsConnectionPool,type=FdfsConnectionPool] as said MBean is not registered (perhaps already unregistered by an external process)
2020-05-24 20:21:26.910 [SpringContextShutdownHook] INFO  com.alibaba.druid.pool.DruidDataSource - {dataSource-3} closed
