2020-05-04 17:03:24.434 [main] INFO  com.alibaba.druid.pool.DruidDataSource - {dataSource-1} inited
2020-05-04 17:03:27.588 [main] INFO  com.zhou.wetalk.WetalkApplication - Starting WetalkApplication on DESKTOP-8IBR7OQ with PID 14832 (H:\java\wetalk\target\classes started by zhouzzz in H:\java\wetalk)
2020-05-04 17:03:27.589 [main] INFO  com.zhou.wetalk.WetalkApplication - No active profile set, falling back to default profiles: default
2020-05-04 17:03:36.823 [main] INFO  o.s.boot.web.embedded.tomcat.TomcatWebServer - Tomcat initialized with port(s): 8080 (http)
2020-05-04 17:03:36.849 [main] INFO  org.apache.coyote.http11.Http11NioProtocol - Initializing ProtocolHandler ["http-nio-8080"]
2020-05-04 17:03:36.850 [main] INFO  org.apache.catalina.core.StandardService - Starting service [Tomcat]
2020-05-04 17:03:36.850 [main] INFO  org.apache.catalina.core.StandardEngine - Starting Servlet engine: [Apache Tomcat/9.0.33]
2020-05-04 17:03:36.852 [main] INFO  org.apache.catalina.core.AprLifecycleListener - An older version [1.2.16] of the APR based Apache Tomcat Native library is installed, while Tomcat recommends a minimum version of [1.2.23]
2020-05-04 17:03:36.852 [main] INFO  org.apache.catalina.core.AprLifecycleListener - Loaded APR based Apache Tomcat Native library [1.2.16] using APR version [1.6.3].
2020-05-04 17:03:36.852 [main] INFO  org.apache.catalina.core.AprLifecycleListener - APR capabilities: IPv6 [true], sendfile [true], accept filters [false], random [true].
2020-05-04 17:03:36.863 [main] INFO  org.apache.catalina.core.AprLifecycleListener - APR/OpenSSL configuration: useAprConnector [false], useOpenSSL [true]
2020-05-04 17:03:38.002 [main] INFO  org.apache.catalina.core.AprLifecycleListener - OpenSSL successfully initialized [OpenSSL 1.0.2m  2 Nov 2017]
2020-05-04 17:03:38.169 [main] INFO  o.a.c.c.C.[Tomcat].[localhost].[/wetalk] - Initializing Spring embedded WebApplicationContext
2020-05-04 17:03:38.169 [main] INFO  org.springframework.web.context.ContextLoader - Root WebApplicationContext: initialization completed in 10272 ms
2020-05-04 17:03:38.667 [main] INFO  c.a.d.s.b.a.DruidDataSourceAutoConfigure - Init DruidDataSource
2020-05-04 17:03:38.742 [main] WARN  com.alibaba.druid.pool.DruidDataSource - removeAbandoned is true, not use in productiion.
2020-05-04 17:03:38.774 [main] INFO  com.alibaba.druid.pool.DruidDataSource - {dataSource-3} inited
2020-05-04 17:03:40.278 [main] INFO  o.s.scheduling.concurrent.ThreadPoolTaskExecutor - Initializing ExecutorService 'applicationTaskExecutor'
2020-05-04 17:03:42.641 [main] INFO  org.apache.coyote.http11.Http11NioProtocol - Starting ProtocolHandler ["http-nio-8080"]
2020-05-04 17:03:42.658 [main] INFO  o.s.boot.web.embedded.tomcat.TomcatWebServer - Tomcat started on port(s): 8080 (http) with context path '/wetalk'
2020-05-04 17:03:42.661 [main] INFO  com.zhou.wetalk.WetalkApplication - Started WetalkApplication in 16.9 seconds (JVM running for 22.918)
2020-05-04 17:03:53.863 [http-nio-8080-exec-1] INFO  o.a.c.c.C.[Tomcat].[localhost].[/wetalk] - Initializing Spring DispatcherServlet 'dispatcherServlet'
2020-05-04 17:03:53.864 [http-nio-8080-exec-1] INFO  org.springframework.web.servlet.DispatcherServlet - Initializing Servlet 'dispatcherServlet'
2020-05-04 17:03:53.870 [http-nio-8080-exec-1] INFO  org.springframework.web.servlet.DispatcherServlet - Completed initialization in 5 ms
2020-05-04 17:11:41.698 [main] INFO  com.alibaba.druid.pool.DruidDataSource - {dataSource-1} inited
2020-05-04 17:11:42.173 [main] INFO  com.zhou.wetalk.WetalkApplication - Starting WetalkApplication on DESKTOP-8IBR7OQ with PID 19772 (H:\java\wetalk\target\classes started by zhouzzz in H:\java\wetalk)
2020-05-04 17:11:42.173 [main] INFO  com.zhou.wetalk.WetalkApplication - No active profile set, falling back to default profiles: default
2020-05-04 17:11:43.463 [main] INFO  o.s.boot.web.embedded.tomcat.TomcatWebServer - Tomcat initialized with port(s): 8080 (http)
2020-05-04 17:11:43.474 [main] INFO  org.apache.coyote.http11.Http11NioProtocol - Initializing ProtocolHandler ["http-nio-8080"]
2020-05-04 17:11:43.475 [main] INFO  org.apache.catalina.core.StandardService - Starting service [Tomcat]
2020-05-04 17:11:43.475 [main] INFO  org.apache.catalina.core.StandardEngine - Starting Servlet engine: [Apache Tomcat/9.0.33]
2020-05-04 17:11:43.477 [main] INFO  org.apache.catalina.core.AprLifecycleListener - An older version [1.2.16] of the APR based Apache Tomcat Native library is installed, while Tomcat recommends a minimum version of [1.2.23]
2020-05-04 17:11:43.477 [main] INFO  org.apache.catalina.core.AprLifecycleListener - Loaded APR based Apache Tomcat Native library [1.2.16] using APR version [1.6.3].
2020-05-04 17:11:43.477 [main] INFO  org.apache.catalina.core.AprLifecycleListener - APR capabilities: IPv6 [true], sendfile [true], accept filters [false], random [true].
2020-05-04 17:11:43.478 [main] INFO  org.apache.catalina.core.AprLifecycleListener - APR/OpenSSL configuration: useAprConnector [false], useOpenSSL [true]
2020-05-04 17:11:44.518 [main] INFO  org.apache.catalina.core.AprLifecycleListener - OpenSSL successfully initialized [OpenSSL 1.0.2m  2 Nov 2017]
2020-05-04 17:11:44.620 [main] INFO  o.a.c.c.C.[Tomcat].[localhost].[/wetalk] - Initializing Spring embedded WebApplicationContext
2020-05-04 17:11:44.621 [main] INFO  org.springframework.web.context.ContextLoader - Root WebApplicationContext: initialization completed in 2322 ms
2020-05-04 17:11:44.867 [main] INFO  c.a.d.s.b.a.DruidDataSourceAutoConfigure - Init DruidDataSource
2020-05-04 17:11:44.930 [main] WARN  com.alibaba.druid.pool.DruidDataSource - removeAbandoned is true, not use in productiion.
2020-05-04 17:11:44.958 [main] INFO  com.alibaba.druid.pool.DruidDataSource - {dataSource-3} inited
2020-05-04 17:11:46.280 [main] INFO  o.s.scheduling.concurrent.ThreadPoolTaskExecutor - Initializing ExecutorService 'applicationTaskExecutor'
2020-05-04 17:11:48.224 [main] INFO  org.apache.coyote.http11.Http11NioProtocol - Starting ProtocolHandler ["http-nio-8080"]
2020-05-04 17:11:48.238 [main] INFO  o.s.boot.web.embedded.tomcat.TomcatWebServer - Tomcat started on port(s): 8080 (http) with context path '/wetalk'
2020-05-04 17:11:48.241 [main] INFO  com.zhou.wetalk.WetalkApplication - Started WetalkApplication in 6.465 seconds (JVM running for 8.651)
2020-05-04 17:13:11.289 [main] INFO  com.alibaba.druid.pool.DruidDataSource - {dataSource-1} inited
2020-05-04 17:13:11.804 [main] INFO  com.zhou.wetalk.WetalkApplication - Starting WetalkApplication on DESKTOP-8IBR7OQ with PID 25936 (H:\java\wetalk\target\classes started by zhouzzz in H:\java\wetalk)
2020-05-04 17:13:11.805 [main] INFO  com.zhou.wetalk.WetalkApplication - No active profile set, falling back to default profiles: default
2020-05-04 17:13:12.959 [main] INFO  o.s.boot.web.embedded.tomcat.TomcatWebServer - Tomcat initialized with port(s): 8080 (http)
2020-05-04 17:13:12.967 [main] INFO  org.apache.coyote.http11.Http11NioProtocol - Initializing ProtocolHandler ["http-nio-8080"]
2020-05-04 17:13:12.967 [main] INFO  org.apache.catalina.core.StandardService - Starting service [Tomcat]
2020-05-04 17:13:12.967 [main] INFO  org.apache.catalina.core.StandardEngine - Starting Servlet engine: [Apache Tomcat/9.0.33]
2020-05-04 17:13:12.969 [main] INFO  org.apache.catalina.core.AprLifecycleListener - An older version [1.2.16] of the APR based Apache Tomcat Native library is installed, while Tomcat recommends a minimum version of [1.2.23]
2020-05-04 17:13:12.969 [main] INFO  org.apache.catalina.core.AprLifecycleListener - Loaded APR based Apache Tomcat Native library [1.2.16] using APR version [1.6.3].
2020-05-04 17:13:12.969 [main] INFO  org.apache.catalina.core.AprLifecycleListener - APR capabilities: IPv6 [true], sendfile [true], accept filters [false], random [true].
2020-05-04 17:13:12.969 [main] INFO  org.apache.catalina.core.AprLifecycleListener - APR/OpenSSL configuration: useAprConnector [false], useOpenSSL [true]
2020-05-04 17:13:14.030 [main] INFO  org.apache.catalina.core.AprLifecycleListener - OpenSSL successfully initialized [OpenSSL 1.0.2m  2 Nov 2017]
2020-05-04 17:13:14.150 [main] INFO  o.a.c.c.C.[Tomcat].[localhost].[/wetalk] - Initializing Spring embedded WebApplicationContext
2020-05-04 17:13:14.150 [main] INFO  org.springframework.web.context.ContextLoader - Root WebApplicationContext: initialization completed in 2237 ms
2020-05-04 17:13:14.463 [main] INFO  c.a.d.s.b.a.DruidDataSourceAutoConfigure - Init DruidDataSource
2020-05-04 17:13:14.528 [main] WARN  com.alibaba.druid.pool.DruidDataSource - removeAbandoned is true, not use in productiion.
2020-05-04 17:13:14.553 [main] INFO  com.alibaba.druid.pool.DruidDataSource - {dataSource-3} inited
2020-05-04 17:13:15.929 [main] INFO  o.s.scheduling.concurrent.ThreadPoolTaskExecutor - Initializing ExecutorService 'applicationTaskExecutor'
2020-05-04 17:13:17.888 [main] INFO  org.apache.coyote.http11.Http11NioProtocol - Starting ProtocolHandler ["http-nio-8080"]
2020-05-04 17:13:17.900 [main] INFO  o.s.boot.web.embedded.tomcat.TomcatWebServer - Tomcat started on port(s): 8080 (http) with context path '/wetalk'
2020-05-04 17:13:17.903 [main] INFO  com.zhou.wetalk.WetalkApplication - Started WetalkApplication in 6.509 seconds (JVM running for 8.923)
2020-05-04 17:18:05.780 [http-nio-8080-exec-1] INFO  o.a.c.c.C.[Tomcat].[localhost].[/wetalk] - Initializing Spring DispatcherServlet 'dispatcherServlet'
2020-05-04 17:18:05.780 [http-nio-8080-exec-1] INFO  org.springframework.web.servlet.DispatcherServlet - Initializing Servlet 'dispatcherServlet'
2020-05-04 17:18:05.786 [http-nio-8080-exec-1] INFO  org.springframework.web.servlet.DispatcherServlet - Completed initialization in 6 ms
